This file contains any messages produced by compilers while
running configure, to aid debugging if configure makes a mistake.

It was created by autoconf_test configure 0.1, which was
generated by GNU Autoconf 2.63.  Invocation command line was

  $ ../configure 

## --------- ##
## Platform. ##
## --------- ##

hostname = Live-89
uname -m = x86_64
uname -r = 2.6.27.19-5-default
uname -s = Linux
uname -v = #1 SMP 2009-02-28 04:40:21 +0100

/usr/bin/uname -p = unknown
/bin/uname -X     = unknown

/bin/arch              = x86_64
/usr/bin/arch -k       = unknown
/usr/convex/getsysinfo = unknown
/usr/bin/hostinfo      = unknown
/bin/machine           = unknown
/usr/bin/oslevel       = unknown
/bin/universe          = unknown

PATH: /sbin
PATH: /usr/sbin
PATH: /usr/local/sbin
PATH: /root/bin
PATH: /usr/local/bin
PATH: /usr/bin
PATH: /bin
PATH: /usr/bin/X11
PATH: /usr/X11R6/bin
PATH: /usr/games
PATH: /usr/lib/mit/bin
PATH: /usr/lib/mit/sbin
PATH: /usr/local/mysql/bin
PATH: /usr/local/unixODBC/bin


## ----------- ##
## Core tests. ##
## ----------- ##

configure:1840: checking for a BSD-compatible install
configure:1908: result: /usr/bin/install -c
configure:1919: checking whether build environment is sane
configure:1962: result: yes
configure:1987: checking for a thread-safe mkdir -p
configure:2026: result: /bin/mkdir -p
configure:2039: checking for gawk
configure:2055: found /usr/bin/gawk
configure:2066: result: gawk
configure:2077: checking whether make sets $(MAKE)
configure:2099: result: yes
configure:2343: checking for g++
configure:2359: found /usr/bin/g++
configure:2370: result: g++
configure:2397: checking for C++ compiler version
configure:2405: g++ --version >&5
g++ (SUSE Linux) 4.3.2 [gcc-4_3-branch revision 141291]
Copyright (C) 2008 Free Software Foundation, Inc.
This is free software; see the source for copying conditions.  There is NO
warranty; not even for MERCHANTABILITY or FITNESS FOR A PARTICULAR PURPOSE.

configure:2409: $? = 0
configure:2416: g++ -v >&5
Using built-in specs.
Target: x86_64-suse-linux
Configured with: ../configure --prefix=/usr --infodir=/usr/share/info --mandir=/usr/share/man --libdir=/usr/lib64 --libexecdir=/usr/lib64 --enable-languages=c,c++,objc,fortran,obj-c++,java,ada --enable-checking=release --with-gxx-include-dir=/usr/include/c++/4.3 --enable-ssp --disable-libssp --with-bugurl=http://bugs.opensuse.org/ --with-pkgversion='SUSE Linux' --disable-libgcj --disable-libmudflap --with-slibdir=/lib64 --with-system-zlib --enable-__cxa_atexit --enable-libstdcxx-allocator=new --disable-libstdcxx-pch --enable-version-specific-runtime-libs --program-suffix=-4.3 --enable-linux-futex --without-system-libunwind --with-cpu=generic --build=x86_64-suse-linux
Thread model: posix
gcc version 4.3.2 [gcc-4_3-branch revision 141291] (SUSE Linux) 
configure:2420: $? = 0
configure:2427: g++ -V >&5
g++: '-V' option must have argument
configure:2431: $? = 1
configure:2454: checking for C++ compiler default output file name
configure:2476: g++    conftest.cpp  >&5
configure:2480: $? = 0
configure:2518: result: a.out
configure:2537: checking whether the C++ compiler works
configure:2547: ./a.out
configure:2551: $? = 0
configure:2570: result: yes
configure:2577: checking whether we are cross compiling
configure:2579: result: no
configure:2582: checking for suffix of executables
configure:2589: g++ -o conftest    conftest.cpp  >&5
configure:2593: $? = 0
configure:2619: result: 
configure:2625: checking for suffix of object files
configure:2651: g++ -c   conftest.cpp >&5
configure:2655: $? = 0
configure:2680: result: o
configure:2684: checking whether we are using the GNU C++ compiler
configure:2713: g++ -c   conftest.cpp >&5
configure:2720: $? = 0
configure:2737: result: yes
configure:2746: checking whether g++ accepts -g
configure:2776: g++ -c -g  conftest.cpp >&5
configure:2783: $? = 0
configure:2884: result: yes
configure:2918: checking for style of include used by make
configure:2946: result: GNU
configure:2971: checking dependency style of g++
configure:3062: result: gcc3
configure:3125: checking for gcc
configure:3141: found /usr/bin/gcc
configure:3152: result: gcc
configure:3384: checking for C compiler version
configure:3392: gcc --version >&5
gcc (SUSE Linux) 4.3.2 [gcc-4_3-branch revision 141291]
Copyright (C) 2008 Free Software Foundation, Inc.
This is free software; see the source for copying conditions.  There is NO
warranty; not even for MERCHANTABILITY or FITNESS FOR A PARTICULAR PURPOSE.

configure:3396: $? = 0
configure:3403: gcc -v >&5
Using built-in specs.
Target: x86_64-suse-linux
Configured with: ../configure --prefix=/usr --infodir=/usr/share/info --mandir=/usr/share/man --libdir=/usr/lib64 --libexecdir=/usr/lib64 --enable-languages=c,c++,objc,fortran,obj-c++,java,ada --enable-checking=release --with-gxx-include-dir=/usr/include/c++/4.3 --enable-ssp --disable-libssp --with-bugurl=http://bugs.opensuse.org/ --with-pkgversion='SUSE Linux' --disable-libgcj --disable-libmudflap --with-slibdir=/lib64 --with-system-zlib --enable-__cxa_atexit --enable-libstdcxx-allocator=new --disable-libstdcxx-pch --enable-version-specific-runtime-libs --program-suffix=-4.3 --enable-linux-futex --without-system-libunwind --with-cpu=generic --build=x86_64-suse-linux
Thread model: posix
gcc version 4.3.2 [gcc-4_3-branch revision 141291] (SUSE Linux) 
configure:3407: $? = 0
configure:3414: gcc -V >&5
gcc: '-V' option must have argument
configure:3418: $? = 1
configure:3421: checking whether we are using the GNU C compiler
configure:3450: gcc -c   conftest.c >&5
configure:3457: $? = 0
configure:3474: result: yes
configure:3483: checking whether gcc accepts -g
configure:3513: gcc -c -g  conftest.c >&5
configure:3520: $? = 0
configure:3621: result: yes
configure:3638: checking for gcc option to accept ISO C89
configure:3712: gcc  -c -g -O2  conftest.c >&5
configure:3719: $? = 0
configure:3742: result: none needed
configure:3762: checking dependency style of gcc
configure:3853: result: gcc3
configure:4037: creating ./config.status

## ---------------------- ##
## Running config.status. ##
## ---------------------- ##

This file was extended by autoconf_test config.status 0.1, which was
generated by GNU Autoconf 2.63.  Invocation command line was

  CONFIG_FILES    = 
  CONFIG_HEADERS  = 
  CONFIG_LINKS    = 
  CONFIG_COMMANDS = 
  $ ./config.status 

on Live-89

config.status:693: creating Makefile
config.status:897: executing depfiles commands

## ---------------- ##
## Cache variables. ##
## ---------------- ##

ac_cv_c_compiler_gnu=yes
ac_cv_cxx_compiler_gnu=yes
ac_cv_env_CCC_set=
ac_cv_env_CCC_value=
ac_cv_env_CC_set=
ac_cv_env_CC_value=
ac_cv_env_CFLAGS_set=
ac_cv_env_CFLAGS_value=
ac_cv_env_CPPFLAGS_set=
ac_cv_env_CPPFLAGS_value=
ac_cv_env_CXXFLAGS_set=
ac_cv_env_CXXFLAGS_value=
ac_cv_env_CXX_set=
ac_cv_env_CXX_value=
ac_cv_env_LDFLAGS_set=
ac_cv_env_LDFLAGS_value=
ac_cv_env_LIBS_set=
ac_cv_env_LIBS_value=
ac_cv_env_build_alias_set=
ac_cv_env_build_alias_value=
ac_cv_env_host_alias_set=
ac_cv_env_host_alias_value=
ac_cv_env_target_alias_set=
ac_cv_env_target_alias_value=
ac_cv_objext=o
ac_cv_path_install='/usr/bin/install -c'
ac_cv_path_mkdir=/bin/mkdir
ac_cv_prog_AWK=gawk
ac_cv_prog_ac_ct_CC=gcc
ac_cv_prog_ac_ct_CXX=g++
ac_cv_prog_cc_c89=
ac_cv_prog_cc_g=yes
ac_cv_prog_cxx_g=yes
ac_cv_prog_make_make_set=yes
am_cv_CC_dependencies_compiler_type=gcc3
am_cv_CXX_dependencies_compiler_type=gcc3

## ----------------- ##
## Output variables. ##
## ----------------- ##

ACLOCAL='${SHELL} /root/workspace/exercise/autoconf/missing --run aclocal-1.10'
AMDEPBACKSLASH='\'
AMDEP_FALSE='#'
AMDEP_TRUE=''
AMTAR='${SHELL} /root/workspace/exercise/autoconf/missing --run tar'
AUTOCONF='${SHELL} /root/workspace/exercise/autoconf/missing --run autoconf'
AUTOHEADER='${SHELL} /root/workspace/exercise/autoconf/missing --run autoheader'
AUTOMAKE='${SHELL} /root/workspace/exercise/autoconf/missing --run automake-1.10'
AWK='gawk'
CC='gcc'
CCDEPMODE='depmode=gcc3'
CFLAGS='-g -O2'
CPPFLAGS=''
CXX='g++'
CXXDEPMODE='depmode=gcc3'
CXXFLAGS='-g -O2'
CYGPATH_W='echo'
DEFS='-DPACKAGE_NAME=\"autoconf_test\" -DPACKAGE_TARNAME=\"autoconf_test\" -DPACKAGE_VERSION=\"0.1\" -DPACKAGE_STRING=\"autoconf_test\ 0.1\" -DPACKAGE_BUGREPORT=\"abc@uestc.cn\" -DPACKAGE=\"autoconf_test\" -DVERSION=\"0.1\"'
DEPDIR='.deps'
ECHO_C=''
ECHO_N='-n'
ECHO_T=''
EXEEXT=''
INSTALL_DATA='${INSTALL} -m 644'
INSTALL_PROGRAM='${INSTALL}'
INSTALL_SCRIPT='${INSTALL}'
INSTALL_STRIP_PROGRAM='$(install_sh) -c -s'
LDFLAGS=''
LIBOBJS=''
LIBS=''
LTLIBOBJS=''
MAKEINFO='${SHELL} /root/workspace/exercise/autoconf/missing --run makeinfo'
MKDIR_P='/bin/mkdir -p'
OBJEXT='o'
PACKAGE='autoconf_test'
PACKAGE_BUGREPORT='abc@uestc.cn'
PACKAGE_NAME='autoconf_test'
PACKAGE_STRING='autoconf_test 0.1'
PACKAGE_TARNAME='autoconf_test'
PACKAGE_VERSION='0.1'
PATH_SEPARATOR=':'
SET_MAKE=''
SHELL='/bin/sh'
STRIP=''
VERSION='0.1'
ac_ct_CC='gcc'
ac_ct_CXX='g++'
am__fastdepCC_FALSE='#'
am__fastdepCC_TRUE=''
am__fastdepCXX_FALSE='#'
am__fastdepCXX_TRUE=''
am__include='include'
am__isrc=' -I$(srcdir)'
am__leading_dot='.'
am__quote=''
am__tar='${AMTAR} chof - "$$tardir"'
am__untar='${AMTAR} xf -'
bindir='${exec_prefix}/bin'
build_alias=''
datadir='${datarootdir}'
datarootdir='${prefix}/share'
docdir='${datarootdir}/doc/${PACKAGE_TARNAME}'
dvidir='${docdir}'
exec_prefix='${prefix}'
host_alias=''
htmldir='${docdir}'
includedir='${prefix}/include'
infodir='${datarootdir}/info'
install_sh='$(SHELL) /root/workspace/exercise/autoconf/install-sh'
libdir='${exec_prefix}/lib'
libexecdir='${exec_prefix}/libexec'
localedir='${datarootdir}/locale'
localstatedir='${prefix}/var'
mandir='${datarootdir}/man'
mkdir_p='/bin/mkdir -p'
oldincludedir='/usr/include'
pdfdir='${docdir}'
prefix='/usr/local'
program_transform_name='s,x,x,'
psdir='${docdir}'
sbindir='${exec_prefix}/sbin'
sharedstatedir='${prefix}/com'
sysconfdir='${prefix}/etc'
target_alias=''

## ----------- ##
## confdefs.h. ##
## ----------- ##

#define PACKAGE_NAME "autoconf_test"
#define PACKAGE_TARNAME "autoconf_test"
#define PACKAGE_VERSION "0.1"
#define PACKAGE_STRING "autoconf_test 0.1"
#define PACKAGE_BUGREPORT "abc@uestc.cn"
#define PACKAGE "autoconf_test"
#define VERSION "0.1"

configure: exit 0
